<?xml version="1.0" encoding="UTF-8"?>
<!-- Generated by org.testng.reporters.JUnitReportReporter -->
<testsuite hostname="DESKTOP-O0RSMQB" failures="0" tests="1" name="pomTesting.Testing" time="50.777" errors="0" timestamp="30 May 2019 09:40:08 GMT" skipped="0">
  <testcase classname="pomTesting.Testing" name="start" time="50.777"/>
</testsuite> <!-- pomTesting.Testing -->
