<?xml version="1.0" encoding="UTF-8"?>
<!-- Generated by org.testng.reporters.JUnitReportReporter -->
<testsuite hostname="DESKTOP-O0RSMQB" failures="0" tests="1" name="pomTesting.TestCases" time="25.506" errors="0" timestamp="22 May 2019 12:47:09 GMT" skipped="0">
  <testcase classname="pomTesting.TestCases" name="Tc_01" time="25.506"/>
</testsuite> <!-- pomTesting.TestCases -->
